#
# There is insufficient memory for the Java Runtime Environment to continue.
# Native memory allocation (mmap) failed to map 152350720 bytes for committing reserved memory.
# Possible reasons:
#   The system is out of physical RAM or swap space
#   In 32 bit mode, the process size limit was hit
# Possible solutions:
#   Reduce memory load on the system
#   Increase physical memory or swap space
#   Check if swap backing store is full
#   Use 64 bit Java on a 64 bit OS
#   Decrease Java heap size (-Xmx/-Xms)
#   Decrease number of Java threads
#   Decrease Java thread stack sizes (-Xss)
#   Set larger code cache with -XX:ReservedCodeCacheSize=
# This output file may be truncated or incomplete.
#
#  Out of Memory Error (os_linux.cpp:2719), pid=4723, tid=4725
#
# JRE version: OpenJDK Runtime Environment (11.0.3+7) (build 11.0.3+7-post-Raspbian-5)
# Java VM: OpenJDK Server VM (11.0.3+7-post-Raspbian-5, mixed mode, serial gc, linux-)
# No core dump will be written. Core dumps have been disabled. To enable core dumping, try "ulimit -c unlimited" before starting Java again
#

---------------  S U M M A R Y ------------

Command Line: -Xms512M -Xmx1008M spigot-1.14.4.jar nogui

Host: rev 4 (v7l), 4 cores, 926M, Raspbian GNU/Linux 10 (buster)
Time: Sat Dec  7 12:31:49 2019 AEDT elapsed time: 3807 seconds (0d 1h 3m 27s)

---------------  T H R E A D  ---------------

Current thread (0x75f63c00):  VMThread "VM Thread" [stack: 0x73c15000,0x73c95000] [id=4725]

Stack: [0x73c15000,0x73c95000],  sp=0x73c93540,  free space=505k
Native frames: (J=compiled Java code, A=aot compiled Java code, j=interpreted, Vv=VM code, C=native code)
V  [libjvm.so+0x98958c]
V  [libjvm.so+0x98a244]
V  [libjvm.so+0x353988]
V  [libjvm.so+0x7b4e84]
V  [libjvm.so+0x7ab94c]
V  [libjvm.so+0x980314]
V  [libjvm.so+0x2321a8]
V  [libjvm.so+0x2323d0]
V  [libjvm.so+0x91a4b4]
V  [libjvm.so+0x232a3c]
V  [libjvm.so+0x470d50]
V  [libjvm.so+0x4713c4]
V  [libjvm.so+0x98b760]
V  [libjvm.so+0x9960ac]
V  [libjvm.so+0x9945c0]
V  [libjvm.so+0x994d24]
V  [libjvm.so+0x995024]
V  [libjvm.so+0x924080]
V  [libjvm.so+0x7ba388]
C  [libpthread.so.0+0x6494]  start_thread+0xcc

VM_Operation (0x330de660): GenCollectForAllocation, mode: safepoint, requested by thread 0x318e6400


---------------  P R O C E S S  ---------------

Threads class SMR info:
_java_thread_list=0x314f5bf0, length=27, elements={
0x75f6a000, 0x75f6c800, 0x75f75400, 0x75f76c00,
0x75f79400, 0x75fbe800, 0x75fc4c00, 0x318e6400,
0x31628000, 0x31629400, 0x31458400, 0x31472c00,
0x31498800, 0x3149a800, 0x75f0a400, 0x00f8c400,
0x00fb3800, 0x0103cc00, 0x01079400, 0x0107cc00,
0x010c8400, 0x010c5400, 0x75f9e000, 0x316b8000,
0x316b8800, 0x33956c00, 0x314a1c00
}

Java Threads: ( => current thread )
  0x75f6a000 JavaThread "Reference Handler" daemon [_thread_blocked, id=4726, stack(0x3441a000,0x3446a000)]
  0x75f6c800 JavaThread "Finalizer" daemon [_thread_blocked, id=4727, stack(0x342b0000,0x34300000)]
  0x75f75400 JavaThread "Signal Dispatcher" daemon [_thread_blocked, id=4728, stack(0x34260000,0x342b0000)]
  0x75f76c00 JavaThread "C2 CompilerThread0" daemon [_thread_blocked, id=4729, stack(0x33b06000,0x33b86000)]
  0x75f79400 JavaThread "Sweeper thread" daemon [_thread_blocked, id=4730, stack(0x34210000,0x34260000)]
  0x75fbe800 JavaThread "Service Thread" daemon [_thread_blocked, id=4731, stack(0x337b0000,0x33800000)]
  0x75fc4c00 JavaThread "Common-Cleaner" daemon [_thread_blocked, id=4733, stack(0x336de000,0x3372e000)]
  0x318e6400 JavaThread "Server-Worker-1" daemon [_thread_blocked, id=4765, stack(0x33090000,0x330e0000)]
  0x31628000 JavaThread "Server-Worker-2" daemon [_thread_blocked, id=4766, stack(0x33040000,0x33090000)]
  0x31629400 JavaThread "Server-Worker-3" daemon [_thread_blocked, id=4767, stack(0x31ab0000,0x31b00000)]
  0x31458400 JavaThread "Snooper Timer" daemon [_thread_blocked, id=4769, stack(0x31a60000,0x31ab0000)]
  0x31472c00 JavaThread "NonBlockingInputStreamThread" daemon [_thread_blocked, id=4781, stack(0x3361b000,0x3369b000)]
  0x31498800 JavaThread "Server Infinisleeper" daemon [_thread_blocked, id=4782, stack(0x3190d000,0x3195d000)]
  0x3149a800 JavaThread "Server thread" [_thread_blocked, id=4783, stack(0x30cb0000,0x30d00000)]
  0x75f0a400 JavaThread "DestroyJavaVM" [_thread_blocked, id=4724, stack(0x76037000,0x76087000)]
  0x00f8c400 JavaThread "Thread-3" daemon [_thread_blocked, id=4784, stack(0x30a41000,0x30a91000)]
  0x00fb3800 JavaThread "Server console handler" daemon [_thread_in_native, id=4785, stack(0x309f1000,0x30a41000)]
  0x0103cc00 JavaThread "Java2D Disposer" daemon [_thread_blocked, id=4788, stack(0x306ef000,0x3073f000)]
  0x01079400 JavaThread "Spigot Watchdog Thread" [_thread_blocked, id=4789, stack(0x3059f000,0x305ef000)]
  0x0107cc00 JavaThread "Spigot Metrics Thread" daemon [_thread_blocked, id=4792, stack(0x3054f000,0x3059f000)]
  0x010c8400 JavaThread "ObjectCleanerThread" daemon [_thread_blocked, id=4795, stack(0x3027e000,0x302ce000)]
  0x010c5400 JavaThread "Netty Server IO #0" daemon [_thread_blocked, id=4796, stack(0x3022e000,0x3027e000)]
  0x75f9e000 JavaThread "Netty Server IO #1" daemon [_thread_blocked, id=4924, stack(0x2e8b0000,0x2e900000)]
  0x316b8000 JavaThread "Netty Server IO #2" daemon [_thread_blocked, id=4928, stack(0x2d75f000,0x2d7af000)]
  0x316b8800 JavaThread "Netty Server IO #3" daemon [_thread_blocked, id=4929, stack(0x2c70e000,0x2c75e000)]
  0x33956c00 JavaThread "process reaper" daemon [_thread_blocked, id=8145, stack(0x331e0000,0x33200000)]
  0x314a1c00 JavaThread "Async Chat Thread - #16" daemon [_thread_blocked, id=8148, stack(0x2b66d000,0x2b6bd000)]

Other Threads:
=>0x75f63c00 VMThread "VM Thread" [stack: 0x73c15000,0x73c95000] [id=4725]
  0x75fc0000 WatcherThread [stack: 0x33730000,0x337b0000] [id=4732]

Threads with active compile tasks:
C2 CompilerThread022948 %           net.minecraft.server.v1_14_R1.WorldGenDungeons::a @ 80 (803 bytes)

VM state:at safepoint (normal execution)

VM Mutex/Monitor currently owned by a thread:  ([mutex/lock_event])
[0x75f08b08] Threads_lock - owner thread: 0x75f63c00
[0x75f08fe8] Heap_lock - owner thread: 0x318e6400

Heap:
 def new generation   total 206464K, used 0K [0x34c00000, 0x42c00000, 0x49c00000)
  eden space 183552K,   0% used [0x34c00000, 0x34c00000, 0x3ff40000)
  from space 22912K,   0% used [0x3ff40000, 0x3ff40000, 0x415a0000)
  to   space 22912K,   0% used [0x415a0000, 0x415a0000, 0x42c00000)
 tenured generation   total 467348K, used 369675K [0x49c00000, 0x66465000, 0x73c00000)
   the space 467348K,  79% used [0x49c00000, 0x60502cf8, 0x60502e00, 0x66465000)
 Metaspace       used 54919K, capacity 56608K, committed 56832K, reserved 57648K

Card table byte_map: [0x34a07000,0x34c00000] _byte_map_base: 0x34861000

Polling page: 0x76f6c000

Metaspace:

Usage:
   55.28 MB capacity,    53.63 MB ( 97%) used,     1.19 MB (  2%) free+waste,   474.80 KB ( <1%) overhead. 

Virtual space:
     56.30 MB reserved,      55.50 MB ( 99%) committed 

Chunk freelists:
128.00 KB

CodeCache: size=32768Kb used=7028Kb max_used=8109Kb free=25739Kb
 bounds [0x73d30000, 0x745c0000, 0x75d30000]
 total_blobs=68499 nmethods=2473 adapters=303
 compilation: enabled
              stopped_count=0, restarted_count=0
 full_count=0

Compilation events (10 events):
Event: 3733.290 Thread 0x75f76c00 nmethod 22943 0x73dc3188 code [0x73dc3280, 0x73dc330c]
Event: 3733.291 Thread 0x75f76c00 22944             net.minecraft.server.v1_14_R1.WorldGenCarverAbstract::a (35 bytes)
Event: 3733.293 Thread 0x75f76c00 nmethod 22944 0x73dde208 code [0x73dde300, 0x73dde3cc]
Event: 3733.293 Thread 0x75f76c00 22945             net.minecraft.server.v1_14_R1.IBlockData::p (9 bytes)
Event: 3733.296 Thread 0x75f76c00 nmethod 22945 0x73e6a408 code [0x73e6a510, 0x73e6a5cc]
Event: 3733.297 Thread 0x75f76c00 22946             net.minecraft.server.v1_14_R1.LightEngineBlock::b (192 bytes)
Event: 3733.486 Thread 0x75f76c00 nmethod 22946 0x74336e88 code [0x74337140, 0x7433875c]
Event: 3733.486 Thread 0x75f76c00 22947             net.minecraft.server.v1_14_R1.SeededRandom::next (16 bytes)
Event: 3733.491 Thread 0x75f76c00 nmethod 22947 0x73e8ca88 code [0x73e8cb80, 0x73e8ccdc]
Event: 3733.492 Thread 0x75f76c00 22948 %           net.minecraft.server.v1_14_R1.WorldGenDungeons::a @ 80 (803 bytes)

GC Heap History (10 events):
Event: 3692.381 GC heap after
{Heap after GC invocations=470 (full 4):
 def new generation   total 206464K, used 13073K [0x34c00000, 0x42c00000, 0x49c00000)
  eden space 183552K,   0% used [0x34c00000, 0x34c00000, 0x3ff40000)
  from space 22912K,  57% used [0x415a0000, 0x42264750, 0x42c00000)
  to   space 22912K,   0% used [0x3ff40000, 0x3ff40000, 0x415a0000)
 tenured generation   total 458516K, used 437214K [0x49c00000, 0x65bc5000, 0x73c00000)
   the space 458516K,  95% used [0x49c00000, 0x646f7930, 0x646f7a00, 0x65bc5000)
 Metaspace       used 54913K, capacity 56573K, committed 56704K, reserved 57648K
}
Event: 3699.981 GC heap before
{Heap before GC invocations=470 (full 4):
 def new generation   total 206464K, used 196625K [0x34c00000, 0x42c00000, 0x49c00000)
  eden space 183552K, 100% used [0x34c00000, 0x3ff40000, 0x3ff40000)
  from space 22912K,  57% used [0x415a0000, 0x42264750, 0x42c00000)
  to   space 22912K,   0% used [0x3ff40000, 0x3ff40000, 0x415a0000)
 tenured generation   total 458516K, used 437214K [0x49c00000, 0x65bc5000, 0x73c00000)
   the space 458516K,  95% used [0x49c00000, 0x646f7930, 0x646f7a00, 0x65bc5000)
 Metaspace       used 54913K, capacity 56573K, committed 56704K, reserved 57648K
}
Event: 3700.076 GC heap after
{Heap after GC invocations=471 (full 4):
 def new generation   total 206464K, used 12311K [0x34c00000, 0x42c00000, 0x49c00000)
  eden space 183552K,   0% used [0x34c00000, 0x34c00000, 0x3ff40000)
  from space 22912K,  53% used [0x3ff40000, 0x40b45fa0, 0x415a0000)
  to   space 22912K,   0% used [0x415a0000, 0x415a0000, 0x42c00000)
 tenured generation   total 458516K, used 439810K [0x49c00000, 0x65bc5000, 0x73c00000)
   the space 458516K,  95% used [0x49c00000, 0x64980b18, 0x64980c00, 0x65bc5000)
 Metaspace       used 54913K, capacity 56573K, committed 56704K, reserved 57648K
}
Event: 3707.435 GC heap before
{Heap before GC invocations=471 (full 4):
 def new generation   total 206464K, used 195863K [0x34c00000, 0x42c00000, 0x49c00000)
  eden space 183552K, 100% used [0x34c00000, 0x3ff40000, 0x3ff40000)
  from space 22912K,  53% used [0x3ff40000, 0x40b45fa0, 0x415a0000)
  to   space 22912K,   0% used [0x415a0000, 0x415a0000, 0x42c00000)
 tenured generation   total 458516K, used 439810K [0x49c00000, 0x65bc5000, 0x73c00000)
   the space 458516K,  95% used [0x49c00000, 0x64980b18, 0x64980c00, 0x65bc5000)
 Metaspace       used 54914K, capacity 56573K, committed 56704K, reserved 57648K
}
Event: 3707.520 GC heap after
{Heap after GC invocations=472 (full 4):
 def new generation   total 206464K, used 11570K [0x34c00000, 0x42c00000, 0x49c00000)
  eden space 183552K,   0% used [0x34c00000, 0x34c00000, 0x3ff40000)
  from space 22912K,  50% used [0x415a0000, 0x420ecbf8, 0x42c00000)
  to   space 22912K,   0% used [0x3ff40000, 0x3ff40000, 0x415a0000)
 tenured generation   total 458516K, used 441853K [0x49c00000, 0x65bc5000, 0x73c00000)
   the space 458516K,  96% used [0x49c00000, 0x64b7f6b8, 0x64b7f800, 0x65bc5000)
 Metaspace       used 54914K, capacity 56573K, committed 56704K, reserved 57648K
}
Event: 3714.776 GC heap before
{Heap before GC invocations=472 (full 4):
 def new generation   total 206464K, used 194939K [0x34c00000, 0x42c00000, 0x49c00000)
  eden space 183552K,  99% used [0x34c00000, 0x3ff12390, 0x3ff40000)
  from space 22912K,  50% used [0x415a0000, 0x420ecbf8, 0x42c00000)
  to   space 22912K,   0% used [0x3ff40000, 0x3ff40000, 0x415a0000)
 tenured generation   total 458516K, used 441853K [0x49c00000, 0x65bc5000, 0x73c00000)
   the space 458516K,  96% used [0x49c00000, 0x64b7f6b8, 0x64b7f800, 0x65bc5000)
 Metaspace       used 54914K, capacity 56573K, committed 56704K, reserved 57648K
}
Event: 3714.884 GC heap after
{Heap after GC invocations=473 (full 4):
 def new generation   total 206464K, used 14022K [0x34c00000, 0x42c00000, 0x49c00000)
  eden space 183552K,   0% used [0x34c00000, 0x34c00000, 0x3ff40000)
  from space 22912K,  61% used [0x3ff40000, 0x40cf1a70, 0x415a0000)
  to   space 22912K,   0% used [0x415a0000, 0x415a0000, 0x42c00000)
 tenured generation   total 458516K, used 444259K [0x49c00000, 0x65bc5000, 0x73c00000)
   the space 458516K,  96% used [0x49c00000, 0x64dd8f10, 0x64dd9000, 0x65bc5000)
 Metaspace       used 54914K, capacity 56573K, committed 56704K, reserved 57648K
}
Event: 3730.222 GC heap before
{Heap before GC invocations=473 (full 4):
 def new generation   total 206464K, used 197574K [0x34c00000, 0x42c00000, 0x49c00000)
  eden space 183552K, 100% used [0x34c00000, 0x3ff40000, 0x3ff40000)
  from space 22912K,  61% used [0x3ff40000, 0x40cf1a70, 0x415a0000)
  to   space 22912K,   0% used [0x415a0000, 0x415a0000, 0x42c00000)
 tenured generation   total 458516K, used 444259K [0x49c00000, 0x65bc5000, 0x73c00000)
   the space 458516K,  96% used [0x49c00000, 0x64dd8f10, 0x64dd9000, 0x65bc5000)
 Metaspace       used 54916K, capacity 56573K, committed 56704K, reserved 57648K
}
Event: 3731.670 GC heap after
{Heap after GC invocations=474 (full 4):
 def new generation   total 206464K, used 20247K [0x34c00000, 0x42c00000, 0x49c00000)
  eden space 183552K,   0% used [0x34c00000, 0x34c00000, 0x3ff40000)
  from space 22912K,  88% used [0x415a0000, 0x42965c78, 0x42c00000)
  to   space 22912K,   0% used [0x3ff40000, 0x3ff40000, 0x415a0000)
 tenured generation   total 458516K, used 448320K [0x49c00000, 0x65bc5000, 0x73c00000)
   the space 458516K,  97% used [0x49c00000, 0x651d01c8, 0x651d0200, 0x65bc5000)
 Metaspace       used 54916K, capacity 56573K, committed 56704K, reserved 57648K
}
Event: 3739.568 GC heap before
{Heap before GC invocations=474 (full 4):
 def new generation   total 206464K, used 203799K [0x34c00000, 0x42c00000, 0x49c00000)
  eden space 183552K, 100% used [0x34c00000, 0x3ff40000, 0x3ff40000)
  from space 22912K,  88% used [0x415a0000, 0x42965c78, 0x42c00000)
  to   space 22912K,   0% used [0x3ff40000, 0x3ff40000, 0x415a0000)
 tenured generation   total 458516K, used 448320K [0x49c00000, 0x65bc5000, 0x73c00000)
   the space 458516K,  97% used [0x49c00000, 0x651d01c8, 0x651d0200, 0x65bc5000)
 Metaspace       used 54919K, capacity 56608K, committed 56832K, reserved 57648K
}

Deoptimization events (10 events):
Event: 3739.461 Thread 0x3149a800 Uncommon trap: reason=speculate_class_check action=none pc=0x7438a68c method=net.minecraft.server.v1_14_R1.World.getChunkAt(II)Lnet/minecraft/server/v1_14_R1/Chunk; @ 6 c2
Event: 3739.462 Thread 0x3149a800 Uncommon trap: reason=speculate_class_check action=none pc=0x7438a68c method=net.minecraft.server.v1_14_R1.World.getChunkAt(II)Lnet/minecraft/server/v1_14_R1/Chunk; @ 6 c2
Event: 3739.492 Thread 0x3149a800 Uncommon trap: reason=unstable_if action=none pc=0x7427fdd4 method=net.minecraft.server.v1_14_R1.EntityMinecartContainer.decelerate()V @ 8 c2
Event: 3739.508 Thread 0x3149a800 Uncommon trap: reason=speculate_class_check action=none pc=0x7438a68c method=net.minecraft.server.v1_14_R1.World.getChunkAt(II)Lnet/minecraft/server/v1_14_R1/Chunk; @ 6 c2
Event: 3739.508 Thread 0x3149a800 Uncommon trap: reason=speculate_class_check action=none pc=0x7438a68c method=net.minecraft.server.v1_14_R1.World.getChunkAt(II)Lnet/minecraft/server/v1_14_R1/Chunk; @ 6 c2
Event: 3739.509 Thread 0x3149a800 Uncommon trap: reason=speculate_class_check action=none pc=0x7438a68c method=net.minecraft.server.v1_14_R1.World.getChunkAt(II)Lnet/minecraft/server/v1_14_R1/Chunk; @ 6 c2
Event: 3739.536 Thread 0x3149a800 Uncommon trap: reason=unstable_if action=none pc=0x7427fdd4 method=net.minecraft.server.v1_14_R1.EntityMinecartContainer.decelerate()V @ 8 c2
Event: 3739.554 Thread 0x3149a800 Uncommon trap: reason=speculate_class_check action=none pc=0x7438a68c method=net.minecraft.server.v1_14_R1.World.getChunkAt(II)Lnet/minecraft/server/v1_14_R1/Chunk; @ 6 c2
Event: 3739.554 Thread 0x3149a800 Uncommon trap: reason=speculate_class_check action=none pc=0x7438a68c method=net.minecraft.server.v1_14_R1.World.getChunkAt(II)Lnet/minecraft/server/v1_14_R1/Chunk; @ 6 c2
Event: 3739.555 Thread 0x3149a800 Uncommon trap: reason=speculate_class_check action=none pc=0x7438a68c method=net.minecraft.server.v1_14_R1.World.getChunkAt(II)Lnet/minecraft/server/v1_14_R1/Chunk; @ 6 c2

Classes redefined (0 events):
No events

Internal exceptions (10 events):
Event: 957.433 Thread 0x3149a800 Implicit null exception at 0x74250014 to 0x742518ac
Event: 1025.630 Thread 0x3149a800 Exception <a 'java/lang/NoSuchMethodError'{0x35a19800}: java.lang.invoke.DirectMethodHandle$Holder.invokeStatic(Ljava/lang/Object;Ljava/lang/Object;Ljava/lang/Object;ILjava/lang/Object;ILjava/lang/Object;)Ljava/lang/Object;> (0x35a19800) thrown at [/build
Event: 1481.456 Thread 0x3149a800 Implicit null exception at 0x741c7ecc to 0x741c9c6c
Event: 1508.536 Thread 0x3149a800 Implicit null exception at 0x7411992c to 0x7411a070
Event: 1664.091 Thread 0x3149a800 Implicit null exception at 0x73eb6a4c to 0x73eb6e60
Event: 2134.847 Thread 0x3149a800 Implicit null exception at 0x73e5b1ac to 0x73e5b420
Event: 2323.848 Thread 0x3149a800 Implicit null exception at 0x73e41c94 to 0x73e41eb8
Event: 2387.838 Thread 0x3149a800 Implicit null exception at 0x7412d62c to 0x7412e838
Event: 2612.817 Thread 0x3149a800 Implicit null exception at 0x73fab98c to 0x73fabc58
Event: 3610.720 Thread 0x3149a800 Exception <a 'java/lang/IncompatibleClassChangeError'{0x39098640}: Found class java.lang.Object, but interface was expected> (0x39098640) thrown at [/build/openjdk-11-pInBoi/openjdk-11-11.0.3+7/src/hotspot/share/interpreter/linkResolver.cpp, line 838]

Events (10 events):
Event: 3739.554 Thread 0x3149a800 Uncommon trap: trap_request=0xffffff6f fr.pc=0x7438a68c relative=0x0000238c
Event: 3739.554 Thread 0x3149a800 DEOPT PACKING pc=0x7438a68c sp=0x30cfe790
Event: 3739.554 Thread 0x3149a800 DEOPT UNPACKING pc=0x73d45004 sp=0x30cfe6f4 mode 2
Event: 3739.554 Thread 0x3149a800 Uncommon trap: trap_request=0xffffff6f fr.pc=0x7438a68c relative=0x0000238c
Event: 3739.554 Thread 0x3149a800 DEOPT PACKING pc=0x7438a68c sp=0x30cfe790
Event: 3739.555 Thread 0x3149a800 DEOPT UNPACKING pc=0x73d45004 sp=0x30cfe6f4 mode 2
Event: 3739.555 Thread 0x3149a800 Uncommon trap: trap_request=0xffffff6f fr.pc=0x7438a68c relative=0x0000238c
Event: 3739.555 Thread 0x3149a800 DEOPT PACKING pc=0x7438a68c sp=0x30cfe790
Event: 3739.555 Thread 0x3149a800 DEOPT UNPACKING pc=0x73d45004 sp=0x30cfe6f4 mode 2
Event: 3739.567 Executing VM operation: GenCollectForAllocation


Dynamic libraries:
00010000-00011000 r-xp 00000000 b3:02 13152      /usr/lib/jvm/java-11-openjdk-armhf/bin/java
00020000-00021000 r--p 00000000 b3:02 13152      /usr/lib/jvm/java-11-openjdk-armhf/bin/java
00021000-00022000 rw-p 00001000 b3:02 13152      /usr/lib/jvm/java-11-openjdk-armhf/bin/java
00f82000-01550000 rw-p 00000000 00:00 0          [heap]
28900000-289f8000 rw-p 00000000 00:00 0 
289f8000-28a00000 ---p 00000000 00:00 0 
28b00000-28bfd000 rw-p 00000000 00:00 0 
28bfd000-28c00000 ---p 00000000 00:00 0 
28e00000-28ffb000 rw-p 00000000 00:00 0 
28ffb000-29000000 ---p 00000000 00:00 0 
29000000-290eb000 rw-p 00000000 00:00 0 
290eb000-29100000 ---p 00000000 00:00 0 
29100000-29200000 rw-p 00000000 00:00 0 
29200000-29500000 rw-p 00000000 00:00 0 
29500000-295f9000 rw-p 00000000 00:00 0 
295f9000-29600000 ---p 00000000 00:00 0 
29800000-298fe000 rw-p 00000000 00:00 0 
298fe000-29900000 ---p 00000000 00:00 0 
29900000-29940000 rw-p 00000000 00:00 0 
29940000-29a00000 ---p 00000000 00:00 0 
29a00000-29a51000 rw-p 00000000 00:00 0 
29a51000-29b00000 ---p 00000000 00:00 0 
29b19000-29c19000 rw-p 00000000 00:00 0 
29d00000-29e00000 rw-p 00000000 00:00 0 
29e00000-29f00000 rw-p 00000000 00:00 0 
29f00000-29fff000 rw-p 00000000 00:00 0 
29fff000-2a000000 ---p 00000000 00:00 0 
2a0cc000-2a1cc000 rw-p 00000000 00:00 0 
2a1cc000-2b2cd000 rw-p 00000000 00:00 0 
2b2cd000-2b3cd000 rw-p 00000000 00:00 0 
2b3cd000-2b4cd000 rw-p 00000000 00:00 0 
2b4cd000-2b4d0000 ---p 00000000 00:00 0 
2b4d0000-2b51d000 rw-p 00000000 00:00 0 
2b51d000-2b520000 ---p 00000000 00:00 0 
2b520000-2b66d000 rw-p 00000000 00:00 0 
2b66d000-2b670000 ---p 00000000 00:00 0 
2b670000-2b6bd000 rw-p 00000000 00:00 0 
2b6bd000-2b6c0000 ---p 00000000 00:00 0 
2b6c0000-2c70e000 rw-p 00000000 00:00 0 
2c70e000-2c711000 ---p 00000000 00:00 0 
2c711000-2d75f000 rw-p 00000000 00:00 0 
2d75f000-2d762000 ---p 00000000 00:00 0 
2d762000-2e8b0000 rw-p 00000000 00:00 0 
2e8b0000-2e8b3000 ---p 00000000 00:00 0 
2e8b3000-2ea00000 rw-p 00000000 00:00 0 
2ea00000-2eb00000 rw-p 00000000 00:00 0 
2eb00000-2ebf9000 rw-p 00000000 00:00 0 
2ebf9000-2ec00000 ---p 00000000 00:00 0 
2ec00000-2ed00000 rw-p 00000000 00:00 0 
2ed00000-2edf9000 rw-p 00000000 00:00 0 
2edf9000-2ee00000 ---p 00000000 00:00 0 
2ee00000-2eef9000 rw-p 00000000 00:00 0 
2eef9000-2ef00000 ---p 00000000 00:00 0 
2ef00000-2f000000 rw-p 00000000 00:00 0 
2f000000-2f100000 rw-p 00000000 00:00 0 
2f100000-2f1f9000 rw-p 00000000 00:00 0 
2f1f9000-2f200000 ---p 00000000 00:00 0 
2f200000-2f2f3000 rw-p 00000000 00:00 0 
2f2f3000-2f300000 ---p 00000000 00:00 0 
2f300000-2f3ff000 rw-p 00000000 00:00 0 
2f3ff000-2f400000 ---p 00000000 00:00 0 
2f400000-2f500000 rw-p 00000000 00:00 0 
2f500000-2f5fd000 rw-p 00000000 00:00 0 
2f5fd000-2f600000 ---p 00000000 00:00 0 
2f63c000-2f73c000 rw-p 00000000 00:00 0 
2f73c000-2f83c000 rw-p 00000000 00:00 0 
2f83c000-2fb00000 rw-p 00000000 00:00 0 
2fb00000-2fd00000 rw-p 00000000 00:00 0 
2fd00000-2fd31000 rw-p 00000000 00:00 0 
2fd31000-2fe00000 ---p 00000000 00:00 0 
2fe00000-2fefd000 rw-p 00000000 00:00 0 
2fefd000-2ff00000 ---p 00000000 00:00 0 
2ff00000-2fffa000 rw-p 00000000 00:00 0 
2fffa000-30000000 ---p 00000000 00:00 0 
30000000-30100000 rw-p 00000000 00:00 0 
30100000-301f9000 rw-p 00000000 00:00 0 
301f9000-30200000 ---p 00000000 00:00 0 
3022e000-30231000 ---p 00000000 00:00 0 
30231000-3027e000 rw-p 00000000 00:00 0 
3027e000-30281000 ---p 00000000 00:00 0 
30281000-302ce000 rw-p 00000000 00:00 0 
302ce000-302d2000 r-xp 00000000 b3:02 261735     /lib/arm-linux-gnueabihf/libnss_dns-2.28.so
302d2000-302e1000 ---p 00004000 b3:02 261735     /lib/arm-linux-gnueabihf/libnss_dns-2.28.so
302e1000-302e2000 r--p 00003000 b3:02 261735     /lib/arm-linux-gnueabihf/libnss_dns-2.28.so
302e2000-302e3000 rw-p 00004000 b3:02 261735     /lib/arm-linux-gnueabihf/libnss_dns-2.28.so
302e3000-302f4000 r-xp 00000000 b3:02 261764     /lib/arm-linux-gnueabihf/libresolv-2.28.so
302f4000-30303000 ---p 00011000 b3:02 261764     /lib/arm-linux-gnueabihf/libresolv-2.28.so
30303000-30304000 r--p 00010000 b3:02 261764     /lib/arm-linux-gnueabihf/libresolv-2.28.so
30304000-30305000 rw-p 00011000 b3:02 261764     /lib/arm-linux-gnueabihf/libresolv-2.28.so
30305000-30307000 rw-p 00000000 00:00 0 
30307000-30309000 r-xp 00000000 b3:02 261740     /lib/arm-linux-gnueabihf/libnss_mdns4_minimal.so.2
30309000-30318000 ---p 00002000 b3:02 261740     /lib/arm-linux-gnueabihf/libnss_mdns4_minimal.so.2
30318000-30319000 r--p 00001000 b3:02 261740     /lib/arm-linux-gnueabihf/libnss_mdns4_minimal.so.2
30319000-3031a000 rw-p 00002000 b3:02 261740     /lib/arm-linux-gnueabihf/libnss_mdns4_minimal.so.2
3031a000-3041a000 rw-p 00000000 00:00 0 
3041a000-3043d000 r-xp 00000000 b3:02 13345      /usr/lib/jvm/java-11-openjdk-armhf/lib/libsunec.so
3043d000-3044c000 ---p 00023000 b3:02 13345      /usr/lib/jvm/java-11-openjdk-armhf/lib/libsunec.so
3044c000-3044e000 r--p 00022000 b3:02 13345      /usr/lib/jvm/java-11-openjdk-armhf/lib/libsunec.so
3044e000-3044f000 rw-p 00024000 b3:02 13345      /usr/lib/jvm/java-11-openjdk-armhf/lib/libsunec.so
3044f000-3054f000 rw-p 00000000 00:00 0 
3054f000-30552000 ---p 00000000 00:00 0 
30552000-3059f000 rw-p 00000000 00:00 0 
3059f000-305a2000 ---p 00000000 00:00 0 
305a2000-306ef000 rw-p 00000000 00:00 0 
306ef000-306f2000 ---p 00000000 00:00 0 
306f2000-3073f000 rw-p 00000000 00:00 0 
3073f000-307b6000 r-xp 00000000 b3:02 13315      /usr/lib/jvm/java-11-openjdk-armhf/lib/libawt.so
307b6000-307c5000 ---p 00077000 b3:02 13315      /usr/lib/jvm/java-11-openjdk-armhf/lib/libawt.so
307c5000-307c6000 r--p 00076000 b3:02 13315      /usr/lib/jvm/java-11-openjdk-armhf/lib/libawt.so
307c6000-307cd000 rw-p 00077000 b3:02 13315      /usr/lib/jvm/java-11-openjdk-armhf/lib/libawt.so
307cd000-308f1000 rw-p 00000000 00:00 0 
308f1000-309f1000 rw-p 00000000 00:00 0 
309f1000-309f4000 ---p 00000000 00:00 0 
309f4000-30a41000 rw-p 00000000 00:00 0 
30a41000-30a44000 ---p 00000000 00:00 0 
30a44000-30b91000 rw-p 00000000 00:00 0 
30b91000-30c91000 rw-p 00000000 00:00 0 
30cb0000-30cb3000 ---p 00000000 00:00 0 
30cb3000-30e00000 rw-p 00000000 00:00 0 
30e00000-30ee1000 rw-p 00000000 00:00 0 
30ee1000-30f00000 ---p 00000000 00:00 0 
30f00000-31000000 rw-p 00000000 00:00 0 
31000000-31100000 rw-p 00000000 00:00 0 
31100000-31200000 rw-p 00000000 00:00 0 
31200000-31300000 rw-p 00000000 00:00 0 
31300000-31400000 rw-p 00000000 00:00 0 
31400000-314f6000 rw-p 00000000 00:00 0 
314f6000-31500000 ---p 00000000 00:00 0 
31500000-31600000 rw-p 00000000 00:00 0 
31600000-316f9000 rw-p 00000000 00:00 0 
316f9000-31700000 ---p 00000000 00:00 0 
31700000-317df000 rw-p 00000000 00:00 0 
317df000-31800000 ---p 00000000 00:00 0 
31800000-318fc000 rw-p 00000000 00:00 0 
318fc000-31900000 ---p 00000000 00:00 0 
3190d000-31910000 ---p 00000000 00:00 0 
31910000-31a5d000 rw-p 00000000 00:00 0 
31a60000-31a63000 ---p 00000000 00:00 0 
31a63000-31ab0000 rw-p 00000000 00:00 0 
31ab0000-31ab3000 ---p 00000000 00:00 0 
31ab3000-31c00000 rw-p 00000000 00:00 0 
31c00000-31c70000 rw-p 00000000 00:00 0 
31c70000-31d00000 ---p 00000000 00:00 0 
31d00000-31e00000 rw-p 00000000 00:00 0 
31e00000-31efa000 rw-p 00000000 00:00 0 
31efa000-31f00000 ---p 00000000 00:00 0 
31f00000-32000000 rw-p 00000000 00:00 0 
32000000-32100000 rw-p 00000000 00:00 0 
32100000-321fe000 rw-p 00000000 00:00 0 
321fe000-32200000 ---p 00000000 00:00 0 
32200000-32300000 rw-p 00000000 00:00 0 
32300000-323fa000 rw-p 00000000 00:00 0 
323fa000-32400000 ---p 00000000 00:00 0 
32400000-32500000 rw-p 00000000 00:00 0 
32500000-32600000 rw-p 00000000 00:00 0 
32600000-32700000 rw-p 00000000 00:00 0 
32700000-32800000 rw-p 00000000 00:00 0 
32800000-32900000 rw-p 00000000 00:00 0 
32900000-32a00000 rw-p 00000000 00:00 0 
32a00000-32b00000 rw-p 00000000 00:00 0 
32b00000-32c00000 rw-p 00000000 00:00 0 
32c00000-32cff000 rw-p 00000000 00:00 0 
32cff000-32d00000 ---p 00000000 00:00 0 
32d00000-32e00000 rw-p 00000000 00:00 0 
32e00000-32f00000 rw-p 00000000 00:00 0 
32f00000-32ff8000 rw-p 00000000 00:00 0 
32ff8000-33000000 ---p 00000000 00:00 0 
33008000-3300f000 r-xp 00000000 b3:02 13316      /usr/lib/jvm/java-11-openjdk-armhf/lib/libawt_headless.so
3300f000-3301e000 ---p 00007000 b3:02 13316      /usr/lib/jvm/java-11-openjdk-armhf/lib/libawt_headless.so
3301e000-3301f000 r--p 00006000 b3:02 13316      /usr/lib/jvm/java-11-openjdk-armhf/lib/libawt_headless.so
3301f000-33020000 rw-p 00007000 b3:02 13316      /usr/lib/jvm/java-11-openjdk-armhf/lib/libawt_headless.so
33020000-33023000 ---p 00000000 00:00 0 
33023000-33040000 rw-p 00000000 00:00 0 
33040000-33043000 ---p 00000000 00:00 0 
33043000-33090000 rw-p 00000000 00:00 0 
33090000-33093000 ---p 00000000 00:00 0 
33093000-331e0000 rw-p 00000000 00:00 0 
331e0000-331e3000 ---p 00000000 00:00 0 
331e3000-33300000 rw-p 00000000 00:00 0 
33300000-333fd000 rw-p 00000000 00:00 0 
333fd000-33400000 ---p 00000000 00:00 0 
33400000-33500000 rw-p 00000000 00:00 0 
33500000-335fc000 rw-p 00000000 00:00 0 
335fc000-33600000 ---p 00000000 00:00 0 
33605000-3360a000 r-xp 00000000 b3:02 13336      /usr/lib/jvm/java-11-openjdk-armhf/lib/libmanagement_ext.so
3360a000-33619000 ---p 00005000 b3:02 13336      /usr/lib/jvm/java-11-openjdk-armhf/lib/libmanagement_ext.so
33619000-3361a000 r--p 00004000 b3:02 13336      /usr/lib/jvm/java-11-openjdk-armhf/lib/libmanagement_ext.so
3361a000-3361b000 rw-p 00005000 b3:02 13336      /usr/lib/jvm/java-11-openjdk-armhf/lib/libmanagement_ext.so
3361b000-3361e000 ---p 00000000 00:00 0 
3361e000-3369b000 rw-p 00000000 00:00 0 
3369b000-336af000 r-xp 00000000 b3:02 13338      /usr/lib/jvm/java-11-openjdk-armhf/lib/libnet.so
336af000-336be000 ---p 00014000 b3:02 13338      /usr/lib/jvm/java-11-openjdk-armhf/lib/libnet.so
336be000-336bf000 r--p 00013000 b3:02 13338      /usr/lib/jvm/java-11-openjdk-armhf/lib/libnet.so
336bf000-336c0000 rw-p 00014000 b3:02 13338      /usr/lib/jvm/java-11-openjdk-armhf/lib/libnet.so
336c0000-336cc000 r-xp 00000000 b3:02 13339      /usr/lib/jvm/java-11-openjdk-armhf/lib/libnio.so
336cc000-336dc000 ---p 0000c000 b3:02 13339      /usr/lib/jvm/java-11-openjdk-armhf/lib/libnio.so
336dc000-336dd000 r--p 0000c000 b3:02 13339      /usr/lib/jvm/java-11-openjdk-armhf/lib/libnio.so
336dd000-336de000 rw-p 0000d000 b3:02 13339      /usr/lib/jvm/java-11-openjdk-armhf/lib/libnio.so
336de000-336e1000 ---p 00000000 00:00 0 
336e1000-3372e000 rw-p 00000000 00:00 0 
3372e000-3372f000 ---p 00000000 00:00 0 
3372f000-337b0000 rw-p 00000000 00:00 0 
337b0000-337b3000 ---p 00000000 00:00 0 
337b3000-33800000 rw-p 00000000 00:00 0 
33800000-33900000 rw-p 00000000 00:00 0 
33900000-339b4000 rw-p 00000000 00:00 0 
339b4000-33a00000 ---p 00000000 00:00 0 
33a00000-33afb000 rw-p 00000000 00:00 0 
33afb000-33b00000 ---p 00000000 00:00 0 
33b06000-33b09000 ---p 00000000 00:00 0 
33b09000-33b86000 rw-p 00000000 00:00 0 
33b86000-33e00000 r--p 0006b000 b3:02 270727     /usr/lib/locale/locale-archive
33e00000-34000000 r--p 00000000 b3:02 270727     /usr/lib/locale/locale-archive
34000000-3405c000 rw-p 00000000 00:00 0 
3405c000-34100000 ---p 00000000 00:00 0 
34100000-341ff000 rw-p 00000000 00:00 0 
341ff000-34200000 ---p 00000000 00:00 0 
34210000-34213000 ---p 00000000 00:00 0 
34213000-34260000 rw-p 00000000 00:00 0 
34260000-34263000 ---p 00000000 00:00 0 
34263000-342b0000 rw-p 00000000 00:00 0 
342b0000-342b3000 ---p 00000000 00:00 0 
342b3000-34300000 rw-p 00000000 00:00 0 
34300000-343fe000 rw-p 00000000 00:00 0 
343fe000-34400000 ---p 00000000 00:00 0 
34405000-34409000 r-xp 00000000 b3:02 13334      /usr/lib/jvm/java-11-openjdk-armhf/lib/libmanagement.so
34409000-34418000 ---p 00004000 b3:02 13334      /usr/lib/jvm/java-11-openjdk-armhf/lib/libmanagement.so
34418000-34419000 r--p 00003000 b3:02 13334      /usr/lib/jvm/java-11-openjdk-armhf/lib/libmanagement.so
34419000-3441a000 rw-p 00004000 b3:02 13334      /usr/lib/jvm/java-11-openjdk-armhf/lib/libmanagement.so
3441a000-3441d000 ---p 00000000 00:00 0 
3441d000-348b0000 rw-p 00000000 00:00 0 
348b0000-348b6000 ---p 00000000 00:00 0 
348b6000-3499b000 rw-p 00000000 00:00 0 
3499b000-34a07000 ---p 00000000 00:00 0 
34a07000-34a77000 rw-p 00000000 00:00 0 
34a77000-34aaf000 ---p 00000000 00:00 0 
34aaf000-34b94000 rw-p 00000000 00:00 0 
34b94000-34bff000 ---p 00000000 00:00 0 
34bff000-42c00000 rw-p 00000000 00:00 0 
42c00000-49c00000 ---p 00000000 00:00 0 
49c00000-66465000 rw-p 00000000 00:00 0 
6f5b0000-73c00000 ---p 00000000 00:00 0 
73c00000-73c01000 r-xp 00000000 b3:02 13319      /usr/lib/jvm/java-11-openjdk-armhf/lib/libextnet.so
73c01000-73c11000 ---p 00001000 b3:02 13319      /usr/lib/jvm/java-11-openjdk-armhf/lib/libextnet.so
73c11000-73c12000 r--p 00001000 b3:02 13319      /usr/lib/jvm/java-11-openjdk-armhf/lib/libextnet.so
73c12000-73c13000 rw-p 00002000 b3:02 13319      /usr/lib/jvm/java-11-openjdk-armhf/lib/libextnet.so
73c13000-73c14000 ---p 00000000 00:00 0 
73c14000-73d02000 rw-p 00000000 00:00 0 
73d02000-73d30000 ---p 00000000 00:00 0 
73d30000-745c0000 rwxp 00000000 00:00 0 
745c0000-75d30000 ---p 00000000 00:00 0 
75d30000-75e9b000 r--s 00000000 b3:02 13349      /usr/lib/jvm/java-11-openjdk-armhf/lib/modules
75e9b000-75e9f000 r-xp 00000000 b3:02 13330      /usr/lib/jvm/java-11-openjdk-armhf/lib/libjimage.so
75e9f000-75eae000 ---p 00004000 b3:02 13330      /usr/lib/jvm/java-11-openjdk-armhf/lib/libjimage.so
75eae000-75eaf000 r--p 00003000 b3:02 13330      /usr/lib/jvm/java-11-openjdk-armhf/lib/libjimage.so
75eaf000-75eb0000 rw-p 00004000 b3:02 13330      /usr/lib/jvm/java-11-openjdk-armhf/lib/libjimage.so
75eb0000-75eb9000 r-xp 00000000 b3:02 261736     /lib/arm-linux-gnueabihf/libnss_files-2.28.so
75eb9000-75ec9000 ---p 00009000 b3:02 261736     /lib/arm-linux-gnueabihf/libnss_files-2.28.so
75ec9000-75eca000 r--p 00009000 b3:02 261736     /lib/arm-linux-gnueabihf/libnss_files-2.28.so
75eca000-75ecb000 rw-p 0000a000 b3:02 261736     /lib/arm-linux-gnueabihf/libnss_files-2.28.so
75ecb000-75ed1000 rw-p 00000000 00:00 0 
75ed1000-75eef000 r-xp 00000000 b3:02 13326      /usr/lib/jvm/java-11-openjdk-armhf/lib/libjava.so
75eef000-75efe000 ---p 0001e000 b3:02 13326      /usr/lib/jvm/java-11-openjdk-armhf/lib/libjava.so
75efe000-75eff000 r--p 0001d000 b3:02 13326      /usr/lib/jvm/java-11-openjdk-armhf/lib/libjava.so
75eff000-75f00000 rw-p 0001e000 b3:02 13326      /usr/lib/jvm/java-11-openjdk-armhf/lib/libjava.so
75f00000-76000000 rw-p 00000000 00:00 0 
76005000-7600f000 r-xp 00000000 b3:02 13347      /usr/lib/jvm/java-11-openjdk-armhf/lib/libverify.so
7600f000-7601e000 ---p 0000a000 b3:02 13347      /usr/lib/jvm/java-11-openjdk-armhf/lib/libverify.so
7601e000-7601f000 r--p 00009000 b3:02 13347      /usr/lib/jvm/java-11-openjdk-armhf/lib/libverify.so
7601f000-76020000 rw-p 0000a000 b3:02 13347      /usr/lib/jvm/java-11-openjdk-armhf/lib/libverify.so
76020000-76026000 r-xp 00000000 b3:02 261765     /lib/arm-linux-gnueabihf/librt-2.28.so
76026000-76035000 ---p 00006000 b3:02 261765     /lib/arm-linux-gnueabihf/librt-2.28.so
76035000-76036000 r--p 00005000 b3:02 261765     /lib/arm-linux-gnueabihf/librt-2.28.so
76036000-76037000 rw-p 00006000 b3:02 261765     /lib/arm-linux-gnueabihf/librt-2.28.so
76037000-7603a000 ---p 00000000 00:00 0 
7603a000-76087000 rw-p 00000000 00:00 0 
76087000-760a3000 r-xp 00000000 b3:02 261712     /lib/arm-linux-gnueabihf/libgcc_s.so.1
760a3000-760b2000 ---p 0001c000 b3:02 261712     /lib/arm-linux-gnueabihf/libgcc_s.so.1
760b2000-760b3000 r--p 0001b000 b3:02 261712     /lib/arm-linux-gnueabihf/libgcc_s.so.1
760b3000-760b4000 rw-p 0001c000 b3:02 261712     /lib/arm-linux-gnueabihf/libgcc_s.so.1
760b4000-76125000 r-xp 00000000 b3:02 261722     /lib/arm-linux-gnueabihf/libm-2.28.so
76125000-76134000 ---p 00071000 b3:02 261722     /lib/arm-linux-gnueabihf/libm-2.28.so
76134000-76135000 r--p 00070000 b3:02 261722     /lib/arm-linux-gnueabihf/libm-2.28.so
76135000-76136000 rw-p 00071000 b3:02 261722     /lib/arm-linux-gnueabihf/libm-2.28.so
76136000-76264000 r-xp 00000000 b3:02 272920     /usr/lib/arm-linux-gnueabihf/libstdc++.so.6.0.25
76264000-76274000 ---p 0012e000 b3:02 272920     /usr/lib/arm-linux-gnueabihf/libstdc++.so.6.0.25
76274000-76279000 r--p 0012e000 b3:02 272920     /usr/lib/arm-linux-gnueabihf/libstdc++.so.6.0.25
76279000-7627b000 rw-p 00133000 b3:02 272920     /usr/lib/arm-linux-gnueabihf/libstdc++.so.6.0.25
7627b000-7627d000 rw-p 00000000 00:00 0 
7627d000-76cac000 r-xp 00000000 b3:02 13354      /usr/lib/jvm/java-11-openjdk-armhf/lib/server/libjvm.so
76cac000-76cbc000 ---p 00a2f000 b3:02 13354      /usr/lib/jvm/java-11-openjdk-armhf/lib/server/libjvm.so
76cbc000-76cf6000 r--p 00a2f000 b3:02 13354      /usr/lib/jvm/java-11-openjdk-armhf/lib/server/libjvm.so
76cf6000-76d16000 rw-p 00a69000 b3:02 13354      /usr/lib/jvm/java-11-openjdk-armhf/lib/server/libjvm.so
76d16000-76d40000 rw-p 00000000 00:00 0 
76d40000-76e78000 r-xp 00000000 b3:02 261697     /lib/arm-linux-gnueabihf/libc-2.28.so
76e78000-76e88000 ---p 00138000 b3:02 261697     /lib/arm-linux-gnueabihf/libc-2.28.so
76e88000-76e8a000 r--p 00138000 b3:02 261697     /lib/arm-linux-gnueabihf/libc-2.28.so
76e8a000-76e8b000 rw-p 0013a000 b3:02 261697     /lib/arm-linux-gnueabihf/libc-2.28.so
76e8b000-76e8e000 rw-p 00000000 00:00 0 
76e8e000-76e90000 r-xp 00000000 b3:02 261705     /lib/arm-linux-gnueabihf/libdl-2.28.so
76e90000-76e9f000 ---p 00002000 b3:02 261705     /lib/arm-linux-gnueabihf/libdl-2.28.so
76e9f000-76ea0000 r--p 00001000 b3:02 261705     /lib/arm-linux-gnueabihf/libdl-2.28.so
76ea0000-76ea1000 rw-p 00002000 b3:02 261705     /lib/arm-linux-gnueabihf/libdl-2.28.so
76ea1000-76eae000 r-xp 00000000 b3:02 13351      /usr/lib/jvm/java-11-openjdk-armhf/lib/jli/libjli.so
76eae000-76ebd000 ---p 0000d000 b3:02 13351      /usr/lib/jvm/java-11-openjdk-armhf/lib/jli/libjli.so
76ebd000-76ebe000 r--p 0000c000 b3:02 13351      /usr/lib/jvm/java-11-openjdk-armhf/lib/jli/libjli.so
76ebe000-76ebf000 rw-p 0000d000 b3:02 13351      /usr/lib/jvm/java-11-openjdk-armhf/lib/jli/libjli.so
76ebf000-76ed6000 r-xp 00000000 b3:02 261761     /lib/arm-linux-gnueabihf/libpthread-2.28.so
76ed6000-76ee5000 ---p 00017000 b3:02 261761     /lib/arm-linux-gnueabihf/libpthread-2.28.so
76ee5000-76ee6000 r--p 00016000 b3:02 261761     /lib/arm-linux-gnueabihf/libpthread-2.28.so
76ee6000-76ee7000 rw-p 00017000 b3:02 261761     /lib/arm-linux-gnueabihf/libpthread-2.28.so
76ee7000-76ee9000 rw-p 00000000 00:00 0 
76ee9000-76f03000 r-xp 00000000 b3:02 261784     /lib/arm-linux-gnueabihf/libz.so.1.2.11
76f03000-76f12000 ---p 0001a000 b3:02 261784     /lib/arm-linux-gnueabihf/libz.so.1.2.11
76f12000-76f13000 r--p 00019000 b3:02 261784     /lib/arm-linux-gnueabihf/libz.so.1.2.11
76f13000-76f14000 rw-p 0001a000 b3:02 261784     /lib/arm-linux-gnueabihf/libz.so.1.2.11
76f15000-76f1b000 r-xp 00000000 b3:02 13348      /usr/lib/jvm/java-11-openjdk-armhf/lib/libzip.so
76f1b000-76f2a000 ---p 00006000 b3:02 13348      /usr/lib/jvm/java-11-openjdk-armhf/lib/libzip.so
76f2a000-76f2b000 r--p 00005000 b3:02 13348      /usr/lib/jvm/java-11-openjdk-armhf/lib/libzip.so
76f2b000-76f2c000 rw-p 00006000 b3:02 13348      /usr/lib/jvm/java-11-openjdk-armhf/lib/libzip.so
76f2c000-76f30000 r-xp 00000000 b3:02 272380     /usr/lib/arm-linux-gnueabihf/libarmmem-v7l.so
76f30000-76f3f000 ---p 00004000 b3:02 272380     /usr/lib/arm-linux-gnueabihf/libarmmem-v7l.so
76f3f000-76f40000 r--p 00003000 b3:02 272380     /usr/lib/arm-linux-gnueabihf/libarmmem-v7l.so
76f40000-76f41000 rw-p 00004000 b3:02 272380     /usr/lib/arm-linux-gnueabihf/libarmmem-v7l.so
76f41000-76f61000 r-xp 00000000 b3:02 261615     /lib/arm-linux-gnueabihf/ld-2.28.so
76f62000-76f64000 r--s 00007000 b3:02 162059     /usr/share/java/java-atk-wrapper.jar
76f64000-76f6c000 rw-s 00000000 b3:02 397234     /tmp/hsperfdata_pi/4723
76f6c000-76f6d000 ---p 00000000 00:00 0 
76f6d000-76f71000 rw-p 00000000 00:00 0 
76f71000-76f72000 r--p 00020000 b3:02 261615     /lib/arm-linux-gnueabihf/ld-2.28.so
76f72000-76f73000 rw-p 00021000 b3:02 261615     /lib/arm-linux-gnueabihf/ld-2.28.so
7ec9e000-7ecbf000 rw-p 00000000 00:00 0          [stack]
7ee1f000-7ee20000 r-xp 00000000 00:00 0          [sigpage]
7ee20000-7ee21000 r--p 00000000 00:00 0          [vvar]
7ee21000-7ee22000 r-xp 00000000 00:00 0          [vdso]
ffff0000-ffff1000 r-xp 00000000 00:00 0          [vectors]


VM Arguments:
jvm_args: -Xms512M -Xmx1008M 
java_command: spigot-1.14.4.jar nogui
java_class_path (initial): spigot-1.14.4.jar
Launcher Type: SUN_STANDARD

[Global flags]
   size_t InitialHeapSize                          = 536870912                                 {product} {command line}
   size_t MaxHeapSize                              = 1056964608                                {product} {command line}
   size_t MaxNewSize                               = 352321536                                 {product} {ergonomic}
   size_t MinHeapDeltaBytes                        = 131072                                    {product} {ergonomic}
   size_t NewSize                                  = 178913280                                 {product} {ergonomic}
    uintx NonProfiledCodeHeapSize                  = 0                                      {pd product} {ergonomic}
   size_t OldSize                                  = 357957632                                 {product} {ergonomic}
    uintx ProfiledCodeHeapSize                     = 0                                      {pd product} {ergonomic}
     bool UseAOT                                   = false                                     {product} {ergonomic}
     bool UseSerialGC                              = true                                      {product} {ergonomic}

Logging:
Log output configuration:
 #0: stdout all=warning uptime,level,tags
 #1: stderr all=off uptime,level,tags

Environment Variables:
PATH=/usr/local/sbin:/usr/local/bin:/usr/sbin:/usr/bin:/sbin:/bin:/usr/local/games:/usr/games
SHELL=/bin/bash

Signal Handlers:
SIGSEGV: [libjvm.so+0x98b0e0], sa_mask[0]=11111111011111111101111111111110, sa_flags=SA_RESTART|SA_SIGINFO
SIGBUS: [libjvm.so+0x98b0e0], sa_mask[0]=11111111011111111101111111111110, sa_flags=SA_RESTART|SA_SIGINFO
SIGFPE: [libjvm.so+0x98b0e0], sa_mask[0]=11111111011111111101111111111110, sa_flags=SA_RESTART|SA_SIGINFO
SIGPIPE: [libjvm.so+0x7b0420], sa_mask[0]=11111111011111111101111111111110, sa_flags=SA_RESTART|SA_SIGINFO
SIGXFSZ: [libjvm.so+0x7b0420], sa_mask[0]=11111111011111111101111111111110, sa_flags=SA_RESTART|SA_SIGINFO
SIGILL: [libjvm.so+0x98b0e0], sa_mask[0]=11111111011111111101111111111110, sa_flags=SA_RESTART|SA_SIGINFO
SIGUSR2: [libjvm.so+0x7b02b8], sa_mask[0]=00000000000000000000000000000000, sa_flags=SA_RESTART|SA_SIGINFO
SIGHUP: [libjvm.so+0x7b08c8], sa_mask[0]=11111111011111111101111111111110, sa_flags=SA_RESTART|SA_SIGINFO
SIGINT: [libjvm.so+0x7b08c8], sa_mask[0]=11111111011111111101111111111110, sa_flags=SA_RESTART|SA_SIGINFO
SIGTERM: [libjvm.so+0x7b08c8], sa_mask[0]=11111111011111111101111111111110, sa_flags=SA_RESTART|SA_SIGINFO
SIGQUIT: [libjvm.so+0x7b08c8], sa_mask[0]=11111111011111111101111111111110, sa_flags=SA_RESTART|SA_SIGINFO


---------------  S Y S T E M  ---------------

OS:PRETTY_NAME="Raspbian GNU/Linux 10 (buster)"
NAME="Raspbian GNU/Linux"
VERSION_ID="10"
VERSION="10 (buster)"
VERSION_CODENAME=buster
ID=raspbian
ID_LIKE=debian
HOME_URL="http://www.raspbian.org/"
SUPPORT_URL="http://www.raspbian.org/RaspbianForums"
BUG_REPORT_URL="http://www.raspbian.org/RaspbianBugs"
uname:Linux 4.19.75-v7+ #1270 SMP Tue Sep 24 18:45:11 BST 2019 armv7l
libc:glibc 2.28 NPTL 2.28 
rlimit: STACK 8192k, CORE 0k, NPROC 7336, NOFILE 1048576, AS infinity, DATA infinity, FSIZE infinity
load average:3.18 2.01 1.57

/proc/meminfo:
MemTotal:         948296 kB
MemFree:           20528 kB
MemAvailable:       8968 kB
Buffers:            1248 kB
Cached:            11312 kB
SwapCached:          928 kB
Active:           464540 kB
Inactive:         402356 kB
Active(anon):     459776 kB
Inactive(anon):   394928 kB
Active(file):       4764 kB
Inactive(file):     7428 kB
Unevictable:          16 kB
Mlocked:              16 kB
SwapTotal:        102396 kB
SwapFree:          44924 kB
Dirty:                28 kB
Writeback:             0 kB
AnonPages:        853612 kB
Mapped:             9092 kB
Shmem:               300 kB
Slab:              42016 kB
SReclaimable:      13840 kB
SUnreclaim:        28176 kB
KernelStack:        1328 kB
PageTables:         3616 kB
NFS_Unstable:          0 kB
Bounce:                0 kB
WritebackTmp:          0 kB
CommitLimit:      576544 kB
Committed_AS:    1189704 kB
VmallocTotal:    1114112 kB
VmallocUsed:           0 kB
VmallocChunk:          0 kB
Percpu:              608 kB
CmaTotal:           8192 kB
CmaFree:               0 kB


/proc/sys/kernel/threads-max (system-wide limit on the number of threads):
14673


/proc/sys/vm/max_map_count (maximum number of memory map areas a process may have):
65530


/proc/sys/kernel/pid_max (system-wide limit on number of process identifiers):
32768



/etc/ld.so.preload:
/usr/lib/arm-linux-gnueabihf/libarmmem-${PLATFORM}.so

container (cgroup) information:
container_type: cgroupv1
cpu_cpuset_cpus: 0-3
cpu_memory_nodes: 0
active_processor_count: 4
cpu_quota: -2
cpu_period: -2
cpu_shares: -1
memory_limit_in_bytes: -1
memory_and_swap_limit_in_bytes: -2
memory_soft_limit_in_bytes: -1
memory_usage_in_bytes: 885960704
memory_max_usage_in_bytes: 886980608


CPU:total 4 (initial active 4) (ARMv7), vfp, vfp3-32, simd

/proc/cpuinfo:
processor	: 0
model name	: ARMv7 Processor rev 4 (v7l)
BogoMIPS	: 89.60
Features	: half thumb fastmult vfp edsp neon vfpv3 tls vfpv4 idiva idivt vfpd32 lpae evtstrm crc32 
CPU implementer	: 0x41
CPU architecture: 7
CPU variant	: 0x0
CPU part	: 0xd03
CPU revision	: 4

processor	: 1
model name	: ARMv7 Processor rev 4 (v7l)
BogoMIPS	: 89.60
Features	: half thumb fastmult vfp edsp neon vfpv3 tls vfpv4 idiva idivt vfpd32 lpae evtstrm crc32 
CPU implementer	: 0x41
CPU architecture: 7
CPU variant	: 0x0
CPU part	: 0xd03
CPU revision	: 4

processor	: 2
model name	: ARMv7 Processor rev 4 (v7l)
BogoMIPS	: 89.60
Features	: half thumb fastmult vfp edsp neon vfpv3 tls vfpv4 idiva idivt vfpd32 lpae evtstrm crc32 
CPU implementer	: 0x41
CPU architecture: 7
CPU variant	: 0x0
CPU part	: 0xd03
CPU revision	: 4

processor	: 3
model name	: ARMv7 Processor rev 4 (v7l)
BogoMIPS	: 89.60
Features	: half thumb fastmult vfp edsp neon vfpv3 tls vfpv4 idiva idivt vfpd32 lpae evtstrm crc32 
CPU implementer	: 0x41
CPU architecture: 7
CPU variant	: 0x0
CPU part	: 0xd03
CPU revision	: 4

Hardware	: BCM2835
Revision	: a020d3
Serial		: 0000000018de9141
Model		: Raspberry Pi 3 Model B Plus Rev 1.3

Memory: 4k page, physical 948296k(20780k free), swap 102396k(42384k free)

vm_info: OpenJDK Server VM (11.0.3+7-post-Raspbian-5) for linux- JRE (11.0.3+7-post-Raspbian-5), built on Jun 16 2019 18:24:19 by "buildd" with gcc 8.2.0

END.
