[13:05:00] [Server thread/INFO]: Starting minecraft server version 1.14.4
[13:05:01] [Server thread/INFO]: Loading properties
[13:05:02] [Server thread/INFO]: This server is running CraftBukkit version git-Spigot-56f8471-43183ea (MC: 1.14.4) (Implementing API version 1.14.4-R0.1-SNAPSHOT)
[13:05:04] [Server thread/INFO]: Using 4 threads for Netty based IO
[13:05:04] [Server thread/INFO]: Server Ping Player Sample Count: 12
[13:05:04] [Server thread/INFO]: Debug logging is disabled
[13:05:04] [Server thread/INFO]: Default game type: SURVIVAL
[13:05:04] [Server thread/INFO]: Generating keypair
[13:05:08] [Server thread/INFO]: Starting Minecraft server on *:25565
[13:05:08] [Server thread/INFO]: Using default channel type
[13:05:09] [Server thread/INFO]: Preparing level "bruh"
[13:05:10] [Server thread/INFO]: Reloading ResourceManager: Default, bukkit
[13:06:40] [Server thread/INFO]: Loaded 6 recipes
[13:06:42] [Server thread/INFO]: -------- World Settings For [bruh] --------
[13:06:42] [Server thread/INFO]: Entity Activation Range: An 32 / Mo 32 / Ra 48 / Mi 16 / Tiv true
[13:06:42] [Server thread/INFO]: Entity Tracking Range: Pl 48 / An 48 / Mo 48 / Mi 32 / Other 64
[13:06:42] [Server thread/INFO]: Hopper Transfer: 8 Hopper Check: 1 Hopper Amount: 1
[13:06:42] [Server thread/INFO]: Custom Map Seeds:  Village: 10387312 Desert: 14357617 Igloo: 14357618 Jungle: 14357619 Swamp: 14357620 Monument: 10387313Ocean: 14357621 Shipwreck: 165745295 Slime: 987234911
[13:06:42] [Server thread/INFO]: Experience Merge Radius: 3.0
[13:06:42] [Server thread/INFO]: Mob Spawn Range: 6
[13:06:42] [Server thread/INFO]: Cactus Growth Modifier: 100%
[13:06:42] [Server thread/INFO]: Cane Growth Modifier: 100%
[13:06:42] [Server thread/INFO]: Melon Growth Modifier: 100%
[13:06:42] [Server thread/INFO]: Mushroom Growth Modifier: 100%
[13:06:42] [Server thread/INFO]: Pumpkin Growth Modifier: 100%
[13:06:42] [Server thread/INFO]: Sapling Growth Modifier: 100%
[13:06:42] [Server thread/INFO]: Beetroot Growth Modifier: 100%
[13:06:42] [Server thread/INFO]: Carrot Growth Modifier: 100%
[13:06:42] [Server thread/INFO]: Potato Growth Modifier: 100%
[13:06:42] [Server thread/INFO]: Wheat Growth Modifier: 100%
[13:06:42] [Server thread/INFO]: NetherWart Growth Modifier: 100%
[13:06:42] [Server thread/INFO]: Vine Growth Modifier: 100%
[13:06:42] [Server thread/INFO]: Cocoa Growth Modifier: 100%
[13:06:42] [Server thread/INFO]: Bamboo Growth Modifier: 100%
[13:06:42] [Server thread/INFO]: SweetBerry Growth Modifier: 100%
[13:06:42] [Server thread/INFO]: Kelp Growth Modifier: 100%
[13:06:42] [Server thread/INFO]: Max TNT Explosions: 100
[13:06:42] [Server thread/INFO]: Tile Max Tick Time: 50ms Entity max Tick Time: 50ms
[13:06:42] [Server thread/INFO]: Zombie Aggressive Towards Villager: true
[13:06:42] [Server thread/INFO]: Nerfing mobs spawned from spawners: false
[13:06:42] [Server thread/INFO]: Arrow Despawn Rate: 1200
[13:06:42] [Server thread/INFO]: Allow Zombie Pigmen to spawn from portal blocks: true
[13:06:42] [Server thread/INFO]: Item Despawn Rate: 6000
[13:06:42] [Server thread/INFO]: Item Merge Radius: 2.5
[13:06:42] [Server thread/INFO]: View Distance: 7
[13:06:43] [Server thread/INFO]: -------- World Settings For [bruh_nether] --------
[13:06:43] [Server thread/INFO]: Entity Activation Range: An 32 / Mo 32 / Ra 48 / Mi 16 / Tiv true
[13:06:43] [Server thread/INFO]: Entity Tracking Range: Pl 48 / An 48 / Mo 48 / Mi 32 / Other 64
[13:06:43] [Server thread/INFO]: Hopper Transfer: 8 Hopper Check: 1 Hopper Amount: 1
[13:06:43] [Server thread/INFO]: Custom Map Seeds:  Village: 10387312 Desert: 14357617 Igloo: 14357618 Jungle: 14357619 Swamp: 14357620 Monument: 10387313Ocean: 14357621 Shipwreck: 165745295 Slime: 987234911
[13:06:43] [Server thread/INFO]: Experience Merge Radius: 3.0
[13:06:43] [Server thread/INFO]: Mob Spawn Range: 6
[13:06:43] [Server thread/INFO]: Cactus Growth Modifier: 100%
[13:06:43] [Server thread/INFO]: Cane Growth Modifier: 100%
[13:06:43] [Server thread/INFO]: Melon Growth Modifier: 100%
[13:06:43] [Server thread/INFO]: Mushroom Growth Modifier: 100%
[13:06:43] [Server thread/INFO]: Pumpkin Growth Modifier: 100%
[13:06:43] [Server thread/INFO]: Sapling Growth Modifier: 100%
[13:06:43] [Server thread/INFO]: Beetroot Growth Modifier: 100%
[13:06:43] [Server thread/INFO]: Carrot Growth Modifier: 100%
[13:06:43] [Server thread/INFO]: Potato Growth Modifier: 100%
[13:06:43] [Server thread/INFO]: Wheat Growth Modifier: 100%
[13:06:43] [Server thread/INFO]: NetherWart Growth Modifier: 100%
[13:06:43] [Server thread/INFO]: Vine Growth Modifier: 100%
[13:06:43] [Server thread/INFO]: Cocoa Growth Modifier: 100%
[13:06:43] [Server thread/INFO]: Bamboo Growth Modifier: 100%
[13:06:43] [Server thread/INFO]: SweetBerry Growth Modifier: 100%
[13:06:43] [Server thread/INFO]: Kelp Growth Modifier: 100%
[13:06:43] [Server thread/INFO]: Max TNT Explosions: 100
[13:06:43] [Server thread/INFO]: Tile Max Tick Time: 50ms Entity max Tick Time: 50ms
[13:06:43] [Server thread/INFO]: Zombie Aggressive Towards Villager: true
[13:06:43] [Server thread/INFO]: Nerfing mobs spawned from spawners: false
[13:06:43] [Server thread/INFO]: Arrow Despawn Rate: 1200
[13:06:43] [Server thread/INFO]: Allow Zombie Pigmen to spawn from portal blocks: true
[13:06:43] [Server thread/INFO]: Item Despawn Rate: 6000
[13:06:43] [Server thread/INFO]: Item Merge Radius: 2.5
[13:06:43] [Server thread/INFO]: View Distance: 7
[13:06:43] [Server thread/INFO]: -------- World Settings For [bruh_the_end] --------
[13:06:43] [Server thread/INFO]: Entity Activation Range: An 32 / Mo 32 / Ra 48 / Mi 16 / Tiv true
[13:06:43] [Server thread/INFO]: Entity Tracking Range: Pl 48 / An 48 / Mo 48 / Mi 32 / Other 64
[13:06:43] [Server thread/INFO]: Hopper Transfer: 8 Hopper Check: 1 Hopper Amount: 1
[13:06:43] [Server thread/INFO]: Custom Map Seeds:  Village: 10387312 Desert: 14357617 Igloo: 14357618 Jungle: 14357619 Swamp: 14357620 Monument: 10387313Ocean: 14357621 Shipwreck: 165745295 Slime: 987234911
[13:06:43] [Server thread/INFO]: Experience Merge Radius: 3.0
[13:06:43] [Server thread/INFO]: Mob Spawn Range: 6
[13:06:43] [Server thread/INFO]: Cactus Growth Modifier: 100%
[13:06:43] [Server thread/INFO]: Cane Growth Modifier: 100%
[13:06:43] [Server thread/INFO]: Melon Growth Modifier: 100%
[13:06:43] [Server thread/INFO]: Mushroom Growth Modifier: 100%
[13:06:43] [Server thread/INFO]: Pumpkin Growth Modifier: 100%
[13:06:43] [Server thread/INFO]: Sapling Growth Modifier: 100%
[13:06:43] [Server thread/INFO]: Beetroot Growth Modifier: 100%
[13:06:43] [Server thread/INFO]: Carrot Growth Modifier: 100%
[13:06:43] [Server thread/INFO]: Potato Growth Modifier: 100%
[13:06:43] [Server thread/INFO]: Wheat Growth Modifier: 100%
[13:06:43] [Server thread/INFO]: NetherWart Growth Modifier: 100%
[13:06:43] [Server thread/INFO]: Vine Growth Modifier: 100%
[13:06:43] [Server thread/INFO]: Cocoa Growth Modifier: 100%
[13:06:43] [Server thread/INFO]: Bamboo Growth Modifier: 100%
[13:06:43] [Server thread/INFO]: SweetBerry Growth Modifier: 100%
[13:06:43] [Server thread/INFO]: Kelp Growth Modifier: 100%
[13:06:43] [Server thread/INFO]: Max TNT Explosions: 100
[13:06:43] [Server thread/INFO]: Tile Max Tick Time: 50ms Entity max Tick Time: 50ms
[13:06:43] [Server thread/INFO]: Zombie Aggressive Towards Villager: true
[13:06:43] [Server thread/INFO]: Nerfing mobs spawned from spawners: false
[13:06:43] [Server thread/INFO]: Arrow Despawn Rate: 1200
[13:06:43] [Server thread/INFO]: Allow Zombie Pigmen to spawn from portal blocks: true
[13:06:43] [Server thread/INFO]: Item Despawn Rate: 6000
[13:06:43] [Server thread/INFO]: Item Merge Radius: 2.5
[13:06:43] [Server thread/INFO]: View Distance: 7
[13:06:43] [Server thread/INFO]: Preparing start region for dimension 'bruh'/minecraft:overworld
[13:06:51] [Server thread/INFO]: Preparing spawn area: 0%
[13:06:51] [Server thread/INFO]: Preparing spawn area: 0%
[13:06:51] [Server thread/INFO]: Preparing spawn area: 0%
[13:06:51] [Server thread/INFO]: Preparing spawn area: 0%
[13:06:51] [Server thread/INFO]: Preparing spawn area: 0%
[13:06:51] [Server thread/INFO]: Preparing spawn area: 0%
[13:06:51] [Server thread/INFO]: Preparing spawn area: 0%
[13:06:51] [Server thread/INFO]: Preparing spawn area: 0%
[13:06:51] [Server thread/INFO]: Preparing spawn area: 0%
[13:06:51] [Server thread/INFO]: Preparing spawn area: 0%
[13:06:51] [Server thread/INFO]: Preparing spawn area: 0%
[13:06:51] [Server thread/INFO]: Preparing spawn area: 0%
[13:06:51] [Server thread/INFO]: Preparing spawn area: 0%
[13:06:51] [Server thread/INFO]: Preparing spawn area: 0%
[13:06:51] [Server thread/INFO]: Preparing spawn area: 0%
[13:06:51] [Server thread/INFO]: Preparing spawn area: 0%
[13:06:51] [Server thread/INFO]: Preparing spawn area: 0%
[13:06:53] [Server thread/INFO]: Preparing spawn area: 0%
[13:06:53] [Server thread/INFO]: Preparing spawn area: 0%
[13:06:53] [Server thread/INFO]: Preparing spawn area: 0%
[13:06:54] [Server thread/INFO]: Preparing spawn area: 0%
[13:06:54] [Server thread/INFO]: Preparing spawn area: 0%
[13:06:54] [Server thread/INFO]: Preparing spawn area: 4%
[13:06:56] [Server thread/INFO]: Preparing spawn area: 4%
[13:06:56] [Server thread/INFO]: Preparing spawn area: 4%
[13:06:56] [Server thread/INFO]: Preparing spawn area: 4%
[13:06:57] [Server thread/INFO]: Preparing spawn area: 6%
[13:06:57] [Server thread/INFO]: Preparing spawn area: 6%
[13:06:57] [Server thread/INFO]: Preparing spawn area: 12%
[13:06:58] [Server thread/INFO]: Preparing spawn area: 14%
[13:06:58] [Server thread/INFO]: Preparing spawn area: 14%
[13:07:03] [Server thread/INFO]: Preparing spawn area: 23%
[13:07:03] [Server thread/INFO]: Preparing spawn area: 23%
[13:07:03] [Server thread/INFO]: Preparing spawn area: 23%
[13:07:03] [Server thread/INFO]: Preparing spawn area: 23%
[13:07:03] [Server thread/INFO]: Preparing spawn area: 23%
[13:07:03] [Server thread/INFO]: Preparing spawn area: 23%
[13:07:03] [Server thread/INFO]: Preparing spawn area: 23%
[13:07:03] [Server thread/INFO]: Preparing spawn area: 23%
[13:07:03] [Server thread/INFO]: Preparing spawn area: 23%
[13:07:03] [Server thread/INFO]: Preparing spawn area: 24%
[13:07:04] [Server thread/INFO]: Preparing spawn area: 40%
[13:07:04] [Server thread/INFO]: Preparing spawn area: 40%
[13:07:36] [Server-Worker-3/INFO]: Preparing spawn area: 83%
[13:07:37] [Server-Worker-2/INFO]: Preparing spawn area: 83%
[13:07:37] [Server-Worker-1/INFO]: Preparing spawn area: 83%
[13:07:37] [Server-Worker-3/INFO]: Preparing spawn area: 83%
[13:07:37] [Server-Worker-1/INFO]: Preparing spawn area: 83%
[13:07:37] [Server-Worker-3/INFO]: Preparing spawn area: 83%
[13:07:37] [Server-Worker-3/INFO]: Preparing spawn area: 83%
[13:07:37] [Server-Worker-3/INFO]: Preparing spawn area: 83%
[13:07:37] [Server-Worker-3/INFO]: Preparing spawn area: 83%
[13:07:37] [Server-Worker-3/INFO]: Preparing spawn area: 83%
[13:07:37] [Server-Worker-3/INFO]: Preparing spawn area: 83%
[13:07:37] [Server-Worker-3/INFO]: Preparing spawn area: 83%
[13:07:37] [Server-Worker-3/INFO]: Preparing spawn area: 83%
[13:07:37] [Server-Worker-3/INFO]: Preparing spawn area: 83%
[13:07:37] [Server-Worker-3/INFO]: Preparing spawn area: 83%
[13:07:37] [Server-Worker-1/INFO]: Preparing spawn area: 83%
[13:07:37] [Server-Worker-3/INFO]: Preparing spawn area: 83%
[13:07:37] [Server-Worker-1/INFO]: Preparing spawn area: 83%
[13:07:37] [Server-Worker-3/INFO]: Preparing spawn area: 83%
[13:07:37] [Server-Worker-3/INFO]: Preparing spawn area: 83%
[13:07:37] [Server thread/INFO]: Preparing spawn area: 83%
[13:07:37] [Server-Worker-3/INFO]: Preparing spawn area: 83%
[13:07:37] [Server-Worker-3/INFO]: Preparing spawn area: 83%
[13:07:37] [Server thread/INFO]: Preparing spawn area: 83%
[13:07:37] [Server-Worker-3/INFO]: Preparing spawn area: 83%
[13:07:37] [Server thread/INFO]: Preparing spawn area: 83%
[13:07:37] [Server-Worker-3/INFO]: Preparing spawn area: 83%
[13:07:37] [Server thread/INFO]: Preparing spawn area: 83%
[13:07:37] [Server thread/INFO]: Preparing spawn area: 83%
[13:07:37] [Server-Worker-3/INFO]: Preparing spawn area: 83%
[13:07:37] [Server-Worker-2/INFO]: Preparing spawn area: 83%
[13:07:37] [Server thread/INFO]: Preparing spawn area: 83%
[13:07:37] [Server-Worker-2/INFO]: Preparing spawn area: 83%
[13:07:37] [Server thread/INFO]: Preparing spawn area: 83%
[13:07:37] [Server-Worker-2/INFO]: Preparing spawn area: 83%
[13:07:37] [Server thread/INFO]: Preparing spawn area: 83%
[13:07:37] [Server thread/INFO]: Preparing spawn area: 83%
[13:07:37] [Server thread/INFO]: Preparing spawn area: 83%
[13:07:37] [Server-Worker-1/INFO]: Preparing spawn area: 83%
[13:07:37] [Server thread/INFO]: Preparing spawn area: 83%
[13:07:37] [Server-Worker-2/INFO]: Preparing spawn area: 83%
[13:07:37] [Server thread/INFO]: Preparing spawn area: 84%
[13:07:37] [Server-Worker-1/INFO]: Preparing spawn area: 84%
[13:07:37] [Server-Worker-1/INFO]: Preparing spawn area: 84%
[13:07:37] [Server-Worker-1/INFO]: Preparing spawn area: 84%
[13:07:37] [Server-Worker-1/INFO]: Preparing spawn area: 84%
[13:07:37] [Server-Worker-1/INFO]: Preparing spawn area: 84%
[13:07:37] [Server-Worker-2/INFO]: Preparing spawn area: 84%
[13:07:37] [Server-Worker-2/INFO]: Preparing spawn area: 84%
[13:07:37] [Server-Worker-2/INFO]: Preparing spawn area: 84%
[13:07:37] [Server-Worker-2/INFO]: Preparing spawn area: 84%
[13:07:37] [Server thread/INFO]: Preparing spawn area: 84%
[13:07:37] [Server-Worker-2/INFO]: Preparing spawn area: 84%
[13:07:37] [Server-Worker-2/INFO]: Preparing spawn area: 84%
[13:07:37] [Server thread/INFO]: Preparing spawn area: 84%
[13:07:37] [Server thread/INFO]: Preparing spawn area: 84%
[13:07:37] [Server thread/INFO]: Preparing spawn area: 84%
[13:07:37] [Server thread/INFO]: Preparing spawn area: 84%
[13:07:37] [Server-Worker-1/INFO]: Preparing spawn area: 84%
[13:07:37] [Server-Worker-1/INFO]: Preparing spawn area: 84%
[13:07:37] [Server thread/INFO]: Preparing spawn area: 84%
[13:07:37] [Server-Worker-1/INFO]: Preparing spawn area: 84%
[13:07:37] [Server-Worker-2/INFO]: Preparing spawn area: 84%
[13:07:37] [Server thread/INFO]: Preparing spawn area: 84%
[13:07:37] [Server-Worker-2/INFO]: Preparing spawn area: 84%
[13:07:37] [Server-Worker-3/INFO]: Preparing spawn area: 95%
[13:07:39] [Server-Worker-3/INFO]: Preparing spawn area: 95%
[13:07:39] [Server-Worker-2/INFO]: Preparing spawn area: 95%
[13:07:39] [Server-Worker-3/INFO]: Preparing spawn area: 95%
[13:07:40] [Server-Worker-2/INFO]: Preparing spawn area: 95%
[13:07:41] [Server-Worker-3/INFO]: Preparing spawn area: 95%
[13:07:41] [Server-Worker-1/INFO]: Preparing spawn area: 95%
[13:07:41] [Server-Worker-2/INFO]: Preparing spawn area: 95%
[13:07:42] [Server-Worker-1/INFO]: Preparing spawn area: 95%
[13:07:42] [Server-Worker-2/INFO]: Preparing spawn area: 95%
[13:07:42] [Server-Worker-1/INFO]: Preparing spawn area: 95%
[13:07:43] [Server-Worker-2/INFO]: Preparing spawn area: 95%
[13:07:43] [Server-Worker-2/INFO]: Preparing spawn area: 95%
[13:07:44] [Server-Worker-3/INFO]: Preparing spawn area: 95%
[13:07:44] [Server-Worker-1/INFO]: Preparing spawn area: 95%
[13:07:45] [Server-Worker-1/INFO]: Preparing spawn area: 95%
[13:07:45] [Server-Worker-1/INFO]: Preparing spawn area: 95%
[13:07:46] [Server-Worker-3/INFO]: Preparing spawn area: 95%
[13:07:46] [Server-Worker-2/INFO]: Preparing spawn area: 95%
[13:07:47] [Server-Worker-3/INFO]: Preparing spawn area: 95%
[13:07:47] [Server-Worker-1/INFO]: Preparing spawn area: 95%
[13:07:48] [Server-Worker-2/INFO]: Preparing spawn area: 95%
[13:07:48] [Server-Worker-2/INFO]: Preparing spawn area: 95%
[13:07:49] [Server-Worker-1/INFO]: Preparing spawn area: 95%
[13:07:49] [Server-Worker-1/INFO]: Preparing spawn area: 95%
[13:07:50] [Server-Worker-3/INFO]: Preparing spawn area: 95%
[13:07:51] [Server-Worker-3/INFO]: Preparing spawn area: 95%
[13:07:51] [Server-Worker-1/INFO]: Preparing spawn area: 95%
[13:07:51] [Server-Worker-3/INFO]: Preparing spawn area: 95%
[13:07:52] [Server-Worker-3/INFO]: Preparing spawn area: 95%
[13:07:52] [Server-Worker-3/INFO]: Preparing spawn area: 95%
[13:07:53] [Server-Worker-3/INFO]: Preparing spawn area: 95%
[13:07:53] [Server-Worker-3/INFO]: Preparing spawn area: 96%
[13:07:54] [Server-Worker-1/INFO]: Preparing spawn area: 96%
[13:07:54] [Server-Worker-1/INFO]: Preparing spawn area: 97%
[13:07:55] [Server-Worker-1/INFO]: Preparing spawn area: 97%
[13:07:55] [Server-Worker-1/INFO]: Preparing spawn area: 98%
[13:07:56] [Server thread/INFO]: Preparing spawn area: 98%
[13:07:56] [Server thread/INFO]: Preparing spawn area: 98%
[13:07:57] [Server thread/INFO]: Preparing spawn area: 99%
[13:07:57] [Server thread/INFO]: Time elapsed: 73591 ms
[13:07:57] [Server thread/INFO]: Preparing start region for dimension 'bruh_nether'/minecraft:the_nether
[13:08:02] [Server thread/INFO]: Preparing spawn area: 0%
[13:08:02] [Server thread/INFO]: Preparing spawn area: 0%
[13:08:02] [Server thread/INFO]: Preparing spawn area: 0%
[13:08:02] [Server thread/INFO]: Preparing spawn area: 0%
[13:08:02] [Server thread/INFO]: Preparing spawn area: 0%
[13:08:02] [Server thread/INFO]: Preparing spawn area: 0%
[13:08:02] [Server thread/INFO]: Preparing spawn area: 0%
[13:08:02] [Server thread/INFO]: Preparing spawn area: 0%
[13:08:02] [Server thread/INFO]: Preparing spawn area: 0%
[13:08:02] [Server thread/INFO]: Preparing spawn area: 0%
[13:08:02] [Server thread/INFO]: Preparing spawn area: 0%
[13:08:02] [Server thread/INFO]: Preparing spawn area: 0%
[13:08:03] [Server thread/INFO]: Preparing spawn area: 0%
[13:08:03] [Server thread/INFO]: Preparing spawn area: 0%
[13:08:04] [Server thread/INFO]: Preparing spawn area: 0%
[13:08:04] [Server thread/INFO]: Preparing spawn area: 0%
[13:08:05] [Server thread/INFO]: Preparing spawn area: 3%
[13:08:05] [Server thread/INFO]: Preparing spawn area: 61%
[13:08:06] [Server thread/INFO]: Preparing spawn area: 83%
[13:08:06] [Server-Worker-2/INFO]: Preparing spawn area: 90%
[13:08:07] [Server-Worker-3/INFO]: Preparing spawn area: 90%
[13:08:07] [Server-Worker-3/INFO]: Preparing spawn area: 90%
[13:08:08] [Server-Worker-1/INFO]: Preparing spawn area: 90%
[13:08:08] [Server-Worker-1/INFO]: Preparing spawn area: 90%
[13:08:09] [Server-Worker-1/INFO]: Preparing spawn area: 90%
[13:08:09] [Server-Worker-1/INFO]: Preparing spawn area: 90%
[13:08:10] [Server-Worker-2/INFO]: Preparing spawn area: 90%
[13:08:10] [Server-Worker-2/INFO]: Preparing spawn area: 90%
[13:08:11] [Server-Worker-2/INFO]: Preparing spawn area: 90%
[13:08:11] [Server-Worker-3/INFO]: Preparing spawn area: 90%
[13:08:12] [Server-Worker-2/INFO]: Preparing spawn area: 90%
[13:08:12] [Server-Worker-3/INFO]: Preparing spawn area: 90%
[13:08:13] [Server-Worker-3/INFO]: Preparing spawn area: 90%
[13:08:13] [Server-Worker-2/INFO]: Preparing spawn area: 90%
[13:08:14] [Server-Worker-2/INFO]: Preparing spawn area: 90%
[13:08:14] [Server-Worker-1/INFO]: Preparing spawn area: 90%
[13:08:15] [Server-Worker-1/INFO]: Preparing spawn area: 90%
[13:08:15] [Server-Worker-3/INFO]: Preparing spawn area: 90%
[13:08:16] [Server-Worker-1/INFO]: Preparing spawn area: 90%
[13:08:16] [Server-Worker-1/INFO]: Preparing spawn area: 90%
[13:08:17] [Server thread/INFO]: Preparing spawn area: 91%
[13:08:17] [Server-Worker-3/INFO]: Preparing spawn area: 91%
[13:08:18] [Server-Worker-2/INFO]: Preparing spawn area: 93%
[13:08:18] [Server-Worker-1/INFO]: Preparing spawn area: 93%
[13:08:19] [Server-Worker-1/INFO]: Preparing spawn area: 94%
[13:08:19] [Server-Worker-1/INFO]: Preparing spawn area: 95%
[13:08:20] [Server-Worker-3/INFO]: Preparing spawn area: 97%
[13:08:20] [Server-Worker-1/INFO]: Preparing spawn area: 99%
[13:08:20] [Server thread/INFO]: Time elapsed: 23601 ms
[13:08:20] [Server thread/INFO]: Preparing start region for dimension 'bruh_the_end'/minecraft:the_end
[13:08:23] [Server thread/INFO]: Preparing spawn area: 0%
[13:08:23] [Server thread/INFO]: Preparing spawn area: 0%
[13:08:23] [Server thread/INFO]: Preparing spawn area: 0%
[13:08:23] [Server thread/INFO]: Preparing spawn area: 0%
[13:08:23] [Server thread/INFO]: Preparing spawn area: 0%
[13:08:23] [Server thread/INFO]: Preparing spawn area: 0%
[13:08:23] [Server-Worker-1/INFO]: Preparing spawn area: 83%
[13:08:24] [Server-Worker-2/INFO]: Preparing spawn area: 83%
[13:08:24] [Server-Worker-1/INFO]: Preparing spawn area: 83%
[13:08:25] [Server-Worker-3/INFO]: Preparing spawn area: 83%
[13:08:25] [Server-Worker-1/INFO]: Preparing spawn area: 83%
[13:08:26] [Server-Worker-2/INFO]: Preparing spawn area: 83%
[13:08:26] [Server-Worker-3/INFO]: Preparing spawn area: 83%
[13:08:27] [Server-Worker-3/INFO]: Preparing spawn area: 83%
[13:08:27] [Server-Worker-2/INFO]: Preparing spawn area: 87%
[13:08:28] [Server-Worker-2/INFO]: Preparing spawn area: 92%
[13:08:28] [Server-Worker-1/INFO]: Preparing spawn area: 98%
[13:08:28] [Server thread/INFO]: Time elapsed: 8080 ms
[13:08:28] [Server thread/INFO]: Server permissions file permissions.yml is empty, ignoring it
[13:08:29] [Server thread/INFO]: Done (199.702s)! For help, type "help"
[13:08:47] [User Authenticator #1/INFO]: UUID of player Number9boi is b47ad6c0-d57a-43ee-8bf7-15ab260f64e5
[13:08:53] [Server thread/INFO]: Number9boi[/194.193.132.124:51029] logged in with entity id 120 at ([bruh]503.2714512263916, 78.0, 1226.887527134878)
[13:08:54] [Server thread/WARN]: Can't keep up! Is the server overloaded? Running 6294ms or 125 ticks behind
[13:09:34] [Server thread/INFO]: Number9boi lost connection: Timed out
[13:09:34] [Server thread/INFO]: Number9boi left the game
[13:09:47] [Server thread/WARN]: Can't keep up! Is the server overloaded? Running 22996ms or 459 ticks behind
[13:10:14] [User Authenticator #2/INFO]: UUID of player Number9boi is b47ad6c0-d57a-43ee-8bf7-15ab260f64e5
[13:10:16] [Server thread/INFO]: Number9boi[/194.193.132.124:51052] logged in with entity id 317 at ([bruh]503.2714512263916, 78.0, 1226.887527134878)
[13:10:22] [Server thread/WARN]: Can't keep up! Is the server overloaded? Running 5593ms or 111 ticks behind
[13:10:30] [Server thread/INFO]: [Server] is ot working?
[13:10:33] [Async Chat Thread - #0/INFO]: <Number9boi> ye[m
[13:10:38] [Server thread/INFO]: [Server] good
[13:10:46] [Server thread/INFO]: [Server] do you want op?
[13:10:51] [Async Chat Thread - #0/INFO]: <Number9boi> y?[m
[13:10:53] [Async Chat Thread - #0/INFO]: <Number9boi> i donmt need it[m
[13:10:56] [Server thread/INFO]: [Server] for saving
[13:11:04] [Async Chat Thread - #0/INFO]: <Number9boi> yeah ok[m
[13:11:08] [Async Chat Thread - #0/INFO]: <Number9boi> whats the command for save[m
[13:11:19] [Server thread/INFO]: Made Number9boi a server operator
[13:11:27] [Server thread/INFO]: [Server] /save-qll
[13:11:32] [Async Chat Thread - #0/INFO]: <Number9boi> ok[m
[13:11:37] [Server thread/WARN]: Can't keep up! Is the server overloaded? Running 45391ms or 907 ticks behind
[13:11:38] [Server thread/INFO]: [Server] /save-all
[13:11:47] [Server thread/INFO]: [Server] typo
[13:11:59] [Server thread/INFO]: Number9boi issued server command: /save-all
[13:12:27] [Server thread/INFO]: [Number9boi: Saved the game]
[13:12:28] [Server thread/WARN]: Number9boi moved too quickly! -5.543580998000039,1.2491870787446828,-8.368651631889861
[13:12:45] [Server thread/INFO]: Unknown command. Learn english nigga[m
[13:12:45] [Server thread/WARN]: Can't keep up! Is the server overloaded? Running 37638ms or 752 ticks behind
[13:15:37] [Server thread/WARN]: Can't keep up! Is the server overloaded? Running 10839ms or 216 ticks behind
[13:15:38] [Server thread/WARN]: Number9boi moved too quickly! 20.058999706582313,-1.9245559348105132,4.196503309617583
[13:18:54] [Server thread/WARN]: Can't keep up! Is the server overloaded? Running 5288ms or 105 ticks behind
